<?xml version="1.0" encoding="UTF-8"?>
<!-- Generated by org.testng.reporters.JUnitReportReporter -->
<testsuite name="com.test.utils.Test" tests="1" time="0.009" ignored="0" failures="0" timestamp="31 Mar 2017 05:03:43 GMT" skipped="0" hostname="MdAshrafs-MacBook-Pro.local" errors="0">
  <testcase name="test" time="0.009" classname="com.test.utils.Test"/>
</testsuite> <!-- com.test.utils.Test -->
