<?xml version="1.0" encoding="UTF-8"?>
<!-- Generated by org.testng.reporters.JUnitReportReporter -->
<testsuite name="com.test.utils.NewTest" tests="1" time="51.168" ignored="0" failures="0" timestamp="10 Apr 2017 04:11:07 GMT" skipped="0" hostname="MdAshrafs-MacBook-Pro.local" errors="0">
  <testcase name="f" time="51.168" classname="com.test.utils.NewTest"/>
</testsuite> <!-- com.test.utils.NewTest -->
