<?xml version="1.0" encoding="UTF-8"?>
<!-- Generated by org.testng.reporters.JUnitReportReporter -->
<testsuite name="com.test.utils.NewTest" tests="1" time="0.010" ignored="0" failures="0" timestamp="31 Mar 2017 07:37:36 GMT" skipped="0" hostname="MdAshrafs-MacBook-Pro.local" errors="0">
  <testcase name="f" time="0.010" classname="com.test.utils.NewTest"/>
</testsuite> <!-- com.test.utils.NewTest -->
