<?xml version="1.0" encoding="UTF-8"?>
<!-- Generated by org.testng.reporters.JUnitReportReporter -->
<testsuite name="com.csc.tests.LaunchPageTests" tests="1" time="5.697" ignored="1" failures="0" timestamp="28 Feb 2017 06:21:04 GMT" skipped="0" hostname="MdAshrafs-MacBook-Pro.local" errors="0">
  <testcase name="Check_Whether_tapping_the_Sign_in_button_proceeds_to_the_sign_in_screen" time="5.697" classname="com.csc.tests.LaunchPageTests"/>
  <testcase name="Check_Whether_the_pages_change_after_swiping_the_screen_horrizontally" classname="com.csc.tests.LaunchPageTests">
    <skipped/>
  </testcase> <!-- Check_Whether_the_pages_change_after_swiping_the_screen_horrizontally -->
</testsuite> <!-- com.csc.tests.LaunchPageTests -->
