<?xml version="1.0" encoding="UTF-8"?>
<!-- Generated by org.testng.reporters.JUnitReportReporter -->
<testsuite name="NewTest" tests="2" time="0.012" ignored="0" failures="0" timestamp="22 Jan 2017 11:36:44 GMT" skipped="0" hostname="MdAshrafs-MacBook-Pro.local" errors="0">
  <testcase name="f" time="0.008" classname="NewTest"/>
  <testcase name="f" time="0.004" classname="NewTest"/>
</testsuite> <!-- NewTest -->
