<?xml version="1.0" encoding="UTF-8"?>
<!-- Generated by org.testng.reporters.JUnitReportReporter -->
<testsuite name="com.wuu.android.test.onboarding.TextResizeTests" tests="6" time="273.818" ignored="0" failures="0" timestamp="07 Feb 2017 11:53:58 GMT" skipped="0" hostname="MdAshrafs-MacBook-Pro.local" errors="0">
  <testcase name="checkWhetherTheTextsAreResizingProperly" time="123.397" classname="com.wuu.android.test.onboarding.TextResizeTests"/>
  <testcase name="checkWhetherTheButtonsAreProperlyLocated" time="16.666" classname="com.wuu.android.test.onboarding.TextResizeTests"/>
  <testcase name="checkWhetherTheTextsAreResizingProperly" time="10.238" classname="com.wuu.android.test.onboarding.TextResizeTests"/>
  <testcase name="checkWhetherTheTextsAreResizingProperly" time="68.552" classname="com.wuu.android.test.onboarding.TextResizeTests"/>
  <testcase name="checkWhetherTheTextsAreResizingProperly" time="35.776" classname="com.wuu.android.test.onboarding.TextResizeTests"/>
  <testcase name="checkWhetherTheTextsAreResizingProperly" time="19.189" classname="com.wuu.android.test.onboarding.TextResizeTests"/>
</testsuite> <!-- com.wuu.android.test.onboarding.TextResizeTests -->
