<?xml version="1.0" encoding="UTF-8"?>
<!-- Generated by org.testng.reporters.JUnitReportReporter -->
<testsuite name="com.wuu.android.test.onboarding.NavigationTests" tests="5" time="166.494" ignored="0" failures="0" timestamp="23 Jan 2017 14:22:58 GMT" skipped="0" hostname="MdAshrafs-MacBook-Pro.local" errors="0">
  <testcase name="canNavigateToAndFrom_WhatIsWuu" time="15.283" classname="com.wuu.android.test.onboarding.NavigationTests"/>
  <testcase name="enterCode" time="67.469" classname="com.wuu.android.test.onboarding.NavigationTests"/>
  <testcase name="checkYourEmail" time="58.396" classname="com.wuu.android.test.onboarding.NavigationTests"/>
  <testcase name="proceedToHome" time="9.198" classname="com.wuu.android.test.onboarding.NavigationTests"/>
  <testcase name="canNavigateToAndFrom_WhatsYourEmail" time="16.148" classname="com.wuu.android.test.onboarding.NavigationTests"/>
</testsuite> <!-- com.wuu.android.test.onboarding.NavigationTests -->
