<?xml version="1.0" encoding="UTF-8"?>
<!-- Generated by org.testng.reporters.JUnitReportReporter -->
<testsuite name="com.wuu.test.UI_test" tests="5" time="119.921" ignored="0" failures="0" timestamp="23 Jan 2017 12:51:29 GMT" skipped="0" hostname="MdAshrafs-MacBook-Pro.local" errors="0">
  <testcase name="whatsYourEmail" time="16.004" classname="com.wuu.test.UI_test"/>
  <testcase name="checkYourEmail" time="26.449" classname="com.wuu.test.UI_test"/>
  <testcase name="proceedToHome" time="8.630" classname="com.wuu.test.UI_test"/>
  <testcase name="whatIsWuu" time="14.902" classname="com.wuu.test.UI_test"/>
  <testcase name="enterCode" time="53.936" classname="com.wuu.test.UI_test"/>
</testsuite> <!-- com.wuu.test.UI_test -->
