<?xml version="1.0" encoding="UTF-8"?>
<!-- Generated by org.testng.reporters.JUnitReportReporter -->
<testsuite skipped="0" hostname="MdAshrafs-MacBook-Pro.local" name="NewTest" tests="1" failures="0" timestamp="25 May 2017 06:30:07 GMT" time="0.010" errors="0">
  <testcase name="f" time="0.010" classname="NewTest"/>
</testsuite> <!-- NewTest -->
